<?xml version="1.0" encoding="UTF-8"?>
<!-- Generated by org.testng.reporters.JUnitReportReporter -->
<testsuite hostname="DESKTOP-16JHH16" failures="0" tests="4" name="api.test.UserTests2" time="13.315" errors="0" timestamp="2022-09-07T12:40:28 IST" skipped="0">
  <testcase classname="api.test.UserTests2" name="testPostUser" time="6.500"/>
  <system-out/>
  <testcase classname="api.test.UserTests2" name="testGetUserByName" time="1.761"/>
  <system-out/>
  <testcase classname="api.test.UserTests2" name="testUpdateUserByName" time="3.358"/>
  <system-out/>
  <testcase classname="api.test.UserTests2" name="testDeleteUserByName" time="1.696"/>
  <system-out/>
</testsuite> <!-- api.test.UserTests2 -->
