<?xml version="1.0" encoding="UTF-8"?>
<!-- Generated by org.testng.reporters.JUnitReportReporter -->
<testsuite hostname="DESKTOP-16JHH16" failures="0" tests="4" name="api.test.UserTests2" time="12.748" errors="0" timestamp="2022-09-07T13:08:41 IST" skipped="0">
  <testcase classname="api.test.UserTests2" name="testPostUser" time="5.385"/>
  <system-out/>
  <testcase classname="api.test.UserTests2" name="testGetUserByName" time="2.115"/>
  <system-out/>
  <testcase classname="api.test.UserTests2" name="testUpdateUserByName" time="3.468"/>
  <system-out/>
  <testcase classname="api.test.UserTests2" name="testDeleteUserByName" time="1.780"/>
  <system-out/>
</testsuite> <!-- api.test.UserTests2 -->
